<?xml version="1.0" encoding="UTF-8"?>
<!-- Generated by org.testng.reporters.JUnitReportReporter -->
<testsuite hostname="LAPTOP-G3H33UD2" failures="0" tests="2" name="Test01_GET" time="9.283" errors="0" timestamp="2022-11-11T23:22:26 IST" skipped="0">
  <testcase classname="Test01_GET" name="test_01" time="8.921"/>
  <system-out/>
  <testcase classname="Test01_GET" name="test_02" time="0.362"/>
  <system-out/>
</testsuite> <!-- Test01_GET -->
